#
# A fatal error has been detected by the Java Runtime Environment:
#
#  EXCEPTION_ACCESS_VIOLATION (0xc0000005) at pc=0x000000000771e008, pid=2772, tid=0x0000000000001038
#
# JRE version: OpenJDK Runtime Environment (8.0_76-b03) (build 1.8.0_76-release-b03)
# Java VM: OpenJDK 64-Bit Server VM (25.76-b03 mixed mode windows-amd64 compressed oops)
# Problematic frame:
# V  [jvm.dll+0xee008]
#
# Failed to write core dump. Minidumps are not enabled by default on client versions of Windows
#
# If you would like to submit a bug report, please visit:
#   http://bugreport.java.com/bugreport/crash.jsp
#

---------------  T H R E A D  ---------------

Current thread (0x0000000002073000):  GCTaskThread [stack: 0x0000000002170000,0x0000000002270000] [id=4152]

siginfo: ExceptionCode=0xc0000005, reading address 0xffffffffffffffff

Registers:
RAX=0x00000000032c0000, RBX=0x0000000000300000, RCX=0x0000000000000000, RDX=0x0000000000000000
RSP=0x000000000226f240, RBP=0x00000000a163a6f0, RSI=0x000000000213fd40, RDI=0x000000000213fd40
R8 =0x007fffffffb01800, R9 =0x0000000016e787b8, R10=0x000000000000000c, R11=0x0000000007befa68
R12=0x00000000a163a6f8, R13=0x0000000016e78bf8, R14=0x0000000016e78c00, R15=0x00000000a163a6a0
RIP=0x000000000771e008, EFLAGS=0x0000000000010246

Top of Stack: (sp=0x000000000226f240)
0x000000000226f240:   0000000016e787b8 000000000213fd40
0x000000000226f250:   00000000a1646d9c 00000000078241f2
0x000000000226f260:   0000000000000000 00000000000003d8
0x000000000226f270:   00000000020748f8 0000000002073540
0x000000000226f280:   0000000000000d4e 00000000079eeb00
0x000000000226f290:   0000000000000d4e 0000000006e355d0
0x000000000226f2a0:   000000000213fd40 0000000002074520
0x000000000226f2b0:   0000000000000000 0000000000000c00
0x000000000226f2c0:   0000000000000000 0000000000000000
0x000000000226f2d0:   0000000000000000 000000005f2f8800
0x000000000226f2e0:   0000000002074501 0000000002074501
0x000000000226f2f0:   000093f1867d4615 00000000020748f8
0x000000000226f300:   0000000002074520 00000000000003d8
0x000000000226f310:   0000000002074520 0000000002073540
0x000000000226f320:   0000000002074510 0000000006e355d0
0x000000000226f330:   000000000213fd40 00000000079ebb23 

Instructions: (pc=0x000000000771e008)
0x000000000771dfe8:   05 13 bd 6c 00 49 c1 e8 03 49 d3 e8 41 0f b6 c0
0x000000000771dff8:   49 c1 e8 06 24 3f 0f b6 d0 48 8b 05 28 bd 6c 00
0x000000000771e008:   4a 8b 0c c0 48 0f a3 d1 0f 82 59 01 00 00 0f b6
0x000000000771e018:   15 84 1c 6c 00 84 d2 74 16 44 8b 43 08 8b 0d 25 


Register to memory mapping:

RAX=0x00000000032c0000 is an unknown value
RBX=0x0000000000300000 is an unknown value
RCX=0x0000000000000000 is an unknown value
RDX=0x0000000000000000 is an unknown value
RSP=0x000000000226f240 is an unknown value
RBP=0x00000000a163a6f0 is pointing into object: 0x00000000a163a6a0
java.lang.reflect.Method 
 - klass: 'java/lang/reflect/Method'
RSI=0x000000000213fd40 is an unknown value
RDI=0x000000000213fd40 is an unknown value
R8 =0x007fffffffb01800 is an unknown value
R9 =0x0000000016e787b8 is pointing into metadata
R10=0x000000000000000c is an unknown value
R11=0x0000000007befa68 is an unknown value
R12=0x00000000a163a6f8 is an oop
[Ljava.lang.Class; 
 - klass: 'java/lang/Class'[]
 - length: 0
R13=0x0000000016e78bf8 is pointing into metadata
R14=0x0000000016e78c00 is pointing into metadata
R15=0x00000000a163a6a0 is an oop
java.lang.reflect.Method 
 - klass: 'java/lang/reflect/Method'


Stack: [0x0000000002170000,0x0000000002270000],  sp=0x000000000226f240,  free space=1020k
Native frames: (J=compiled Java code, j=interpreted, Vv=VM code, C=native code)
V  [jvm.dll+0xee008]
V  [jvm.dll+0x3beb00]
V  [jvm.dll+0x3bbb23]
V  [jvm.dll+0x3b997e]
V  [jvm.dll+0x26b60a]
C  [msvcr100.dll+0x21d9f]
C  [msvcr100.dll+0x21e3b]
C  [kernel32.dll+0x1f56d]
C  [ntdll.dll+0x33281]


---------------  P R O C E S S  ---------------

Java Threads: ( => current thread )
  0x000000005f2f9800 JavaThread "pool-111-thread-1" [_thread_blocked, id=6856, stack(0x0000000065f10000,0x0000000066010000)]
  0x000000005f2f8800 JavaThread "pool-109-thread-4" [_thread_blocked, id=6916, stack(0x00000000689c0000,0x0000000068ac0000)]
  0x000000005f2f8000 JavaThread "pool-109-thread-3" [_thread_blocked, id=6936, stack(0x0000000068570000,0x0000000068670000)]
  0x000000005bc7d800 JavaThread "pool-109-thread-2" [_thread_blocked, id=6904, stack(0x00000000683c0000,0x00000000684c0000)]
  0x000000005d220800 JavaThread "pool-110-thread-1" [_thread_blocked, id=6900, stack(0x0000000068020000,0x0000000068120000)]
  0x000000005d21f000 JavaThread "pool-109-thread-1" [_thread_blocked, id=6896, stack(0x0000000067030000,0x0000000067130000)]
  0x000000005bc7f800 JavaThread "pool-20-thread-4" [_thread_blocked, id=3100, stack(0x00000000681d0000,0x00000000682d0000)]
  0x000000005bc7b800 JavaThread "pool-20-thread-3" [_thread_blocked, id=6292, stack(0x00000000607b0000,0x00000000608b0000)]
  0x000000005bc80000 JavaThread "pool-20-thread-2" [_thread_blocked, id=5432, stack(0x0000000067cb0000,0x0000000067db0000)]
  0x000000005bc7e800 JavaThread "pool-20-thread-1" [_thread_blocked, id=6180, stack(0x0000000067b00000,0x0000000067c00000)]
  0x000000005bc7c000 JavaThread "pool-14-thread-2" [_thread_blocked, id=7040, stack(0x0000000067790000,0x0000000067890000)]
  0x000000005bc7a800 JavaThread "pool-14-thread-1" [_thread_blocked, id=7036, stack(0x0000000065b50000,0x0000000065c50000)]
  0x000000005b926800 JavaThread "Stdin handler" [_thread_blocked, id=7008, stack(0x0000000060670000,0x0000000060770000)]
  0x000000005b925000 JavaThread "Asynchronous log dispatcher for org.gradle.launcher.daemon.server.DefaultDaemonConnection@5989d427" [_thread_blocked, id=7004, stack(0x000000005a480000,0x000000005a580000)]
  0x000000005b924800 JavaThread "Cancel handler" [_thread_blocked, id=6992, stack(0x000000005a580000,0x000000005a680000)]
  0x000000005b923800 JavaThread "Handler for socket connection from /127.0.0.1:54350 to /127.0.0.1:54586" [_thread_in_native, id=6988, stack(0x000000005abb0000,0x000000005acb0000)]
  0x000000005bc7a000 JavaThread "stdout" daemon [_thread_in_native, id=3888, stack(0x0000000066f20000,0x0000000067020000)]
  0x000000005bc79000 JavaThread "stderr" daemon [_thread_in_native, id=4976, stack(0x0000000066d70000,0x0000000066e70000)]
  0x000000005b619800 JavaThread "stdout" daemon [_thread_in_native, id=6040, stack(0x0000000066a20000,0x0000000066b20000)]
  0x000000005b618800 JavaThread "stderr" daemon [_thread_in_native, id=5336, stack(0x0000000066b60000,0x0000000066c60000)]
  0x000000005b618000 JavaThread "stdout" daemon [_thread_in_native, id=3284, stack(0x0000000066910000,0x0000000066a10000)]
  0x000000005b617000 JavaThread "stderr" daemon [_thread_in_native, id=2012, stack(0x0000000066350000,0x0000000066450000)]
  0x000000005b616800 JavaThread "stdout" daemon [_thread_in_native, id=4168, stack(0x00000000643c0000,0x00000000644c0000)]
  0x000000005b615800 JavaThread "stderr" daemon [_thread_in_native, id=1508, stack(0x0000000066760000,0x0000000066860000)]
  0x000000005b615000 JavaThread "stdout" daemon [_thread_in_native, id=4480, stack(0x00000000665d0000,0x00000000666d0000)]
  0x000000005b614000 JavaThread "stderr" daemon [_thread_in_native, id=1976, stack(0x0000000066460000,0x0000000066560000)]
  0x000000005b613000 JavaThread "png-cruncher_20" daemon [_thread_blocked, id=5516, stack(0x0000000066220000,0x0000000066320000)]
  0x000000005b612800 JavaThread "png-cruncher_19" daemon [_thread_blocked, id=4144, stack(0x0000000066030000,0x0000000066130000)]
  0x000000005d220000 JavaThread "png-cruncher_18" daemon [_thread_blocked, id=5900, stack(0x00000000659e0000,0x0000000065ae0000)]
  0x000000005d221800 JavaThread "png-cruncher_17" daemon [_thread_blocked, id=4052, stack(0x0000000065e00000,0x0000000065f00000)]
  0x000000005d222000 JavaThread "png-cruncher_16" daemon [_thread_blocked, id=836, stack(0x0000000065cc0000,0x0000000065dc0000)]
  0x000000005b926000 JavaThread "Daemon worker Thread 2" [_thread_blocked, id=1852, stack(0x000000005a8f0000,0x000000005a9f0000)]
  0x000000005b923000 JavaThread "Daemon Thread 2" [_thread_blocked, id=2884, stack(0x0000000058c60000,0x0000000058d60000)]
  0x000000005d21d800 JavaThread "stdout" daemon [_thread_in_native, id=6132, stack(0x00000000654a0000,0x00000000655a0000)]
  0x000000005d21d000 JavaThread "stderr" daemon [_thread_in_native, id=612, stack(0x0000000065390000,0x0000000065490000)]
  0x000000005d21c000 JavaThread "stdout" daemon [_thread_in_native, id=4156, stack(0x0000000065240000,0x0000000065340000)]
  0x000000005d21b000 JavaThread "stderr" daemon [_thread_in_native, id=4400, stack(0x0000000065120000,0x0000000065220000)]
  0x000000005c319800 JavaThread "stdout" daemon [_thread_in_native, id=3780, stack(0x0000000064ac0000,0x0000000064bc0000)]
  0x000000005c319000 JavaThread "stderr" daemon [_thread_in_native, id=5692, stack(0x0000000064f60000,0x0000000065060000)]
  0x000000005c318000 JavaThread "stdout" daemon [_thread_in_native, id=4896, stack(0x0000000064d90000,0x0000000064e90000)]
  0x000000005c317800 JavaThread "stderr" daemon [_thread_in_native, id=5592, stack(0x0000000064c20000,0x0000000064d20000)]
  0x000000005c316800 JavaThread "stdout" daemon [_thread_in_native, id=2760, stack(0x00000000649a0000,0x0000000064aa0000)]
  0x000000005c316000 JavaThread "stderr" daemon [_thread_in_native, id=5376, stack(0x0000000064780000,0x0000000064880000)]
  0x000000005c315000 JavaThread "stdout" daemon [_thread_in_native, id=4056, stack(0x00000000648a0000,0x00000000649a0000)]
  0x000000005c314800 JavaThread "stderr" daemon [_thread_in_native, id=4928, stack(0x0000000064680000,0x0000000064780000)]
  0x000000005c313800 JavaThread "stdout" daemon [_thread_in_native, id=4420, stack(0x0000000062800000,0x0000000062900000)]
  0x000000005c313000 JavaThread "stderr" daemon [_thread_in_native, id=348, stack(0x00000000644e0000,0x00000000645e0000)]
  0x000000005c330000 JavaThread "stdout" daemon [_thread_in_native, id=4800, stack(0x0000000064090000,0x0000000064190000)]
  0x000000005c32f800 JavaThread "stderr" daemon [_thread_in_native, id=4092, stack(0x00000000642c0000,0x00000000643c0000)]
  0x000000005c32e800 JavaThread "stdout" daemon [_thread_in_native, id=3908, stack(0x00000000641b0000,0x00000000642b0000)]
  0x000000005c32e000 JavaThread "stderr" daemon [_thread_in_native, id=5372, stack(0x0000000063f30000,0x0000000064030000)]
  0x000000005c32d000 JavaThread "stdout" daemon [_thread_in_native, id=5604, stack(0x0000000063d50000,0x0000000063e50000)]
  0x000000005c32c800 JavaThread "stderr" daemon [_thread_in_native, id=5436, stack(0x0000000063b60000,0x0000000063c60000)]
  0x000000005c32b800 JavaThread "stdout" daemon [_thread_in_native, id=5552, stack(0x0000000063a50000,0x0000000063b50000)]
  0x000000005c32b000 JavaThread "stderr" daemon [_thread_in_native, id=2936, stack(0x0000000063870000,0x0000000063970000)]
  0x000000005c32a000 JavaThread "stdout" daemon [_thread_in_native, id=5768, stack(0x0000000063680000,0x0000000063780000)]
  0x000000005c329800 JavaThread "stderr" daemon [_thread_in_native, id=3600, stack(0x00000000634a0000,0x00000000635a0000)]
  0x000000005f810000 JavaThread "stdout" daemon [_thread_in_native, id=4176, stack(0x00000000632e0000,0x00000000633e0000)]
  0x000000005f80f800 JavaThread "stderr" daemon [_thread_in_native, id=3224, stack(0x000000005aaa0000,0x000000005aba0000)]
  0x000000005f80e800 JavaThread "stdout" daemon [_thread_in_native, id=5712, stack(0x0000000063130000,0x0000000063230000)]
  0x000000005f80e000 JavaThread "stderr" daemon [_thread_in_native, id=4192, stack(0x0000000062a90000,0x0000000062b90000)]
  0x000000005f80d000 JavaThread "stdout" daemon [_thread_in_native, id=4116, stack(0x0000000062fe0000,0x00000000630e0000)]
  0x000000005f80c800 JavaThread "stderr" daemon [_thread_in_native, id=5224, stack(0x0000000062e70000,0x0000000062f70000)]
  0x000000005f80b800 JavaThread "png-cruncher_15" daemon [_thread_blocked, id=5220, stack(0x0000000062d20000,0x0000000062e20000)]
  0x000000005f80b000 JavaThread "png-cruncher_14" daemon [_thread_blocked, id=1520, stack(0x0000000062bb0000,0x0000000062cb0000)]
  0x000000005f80a000 JavaThread "png-cruncher_13" daemon [_thread_blocked, id=3564, stack(0x0000000062900000,0x0000000062a00000)]
  0x000000005f809800 JavaThread "png-cruncher_12" daemon [_thread_blocked, id=3076, stack(0x00000000623a0000,0x00000000624a0000)]
  0x000000005f823800 JavaThread "png-cruncher_11" daemon [_thread_blocked, id=3124, stack(0x0000000062700000,0x0000000062800000)]
  0x000000005f822800 JavaThread "png-cruncher_10" daemon [_thread_blocked, id=4892, stack(0x00000000625f0000,0x00000000626f0000)]
  0x000000005f822000 JavaThread "png-cruncher_9" daemon [_thread_blocked, id=1456, stack(0x00000000624c0000,0x00000000625c0000)]
  0x000000005f821000 JavaThread "png-cruncher_8" daemon [_thread_blocked, id=3172, stack(0x0000000062260000,0x0000000062360000)]
  0x000000005f820800 JavaThread "png-cruncher_7" daemon [_thread_blocked, id=6100, stack(0x00000000620c0000,0x00000000621c0000)]
  0x000000005f81f800 JavaThread "png-cruncher_6" daemon [_thread_blocked, id=4660, stack(0x0000000061f60000,0x0000000062060000)]
  0x000000005f81f000 JavaThread "png-cruncher_5" daemon [_thread_blocked, id=3904, stack(0x0000000061e00000,0x0000000061f00000)]
  0x000000005f81e000 JavaThread "png-cruncher_4" daemon [_thread_blocked, id=5316, stack(0x00000000619f0000,0x0000000061af0000)]
  0x000000005f81d800 JavaThread "png-cruncher_3" daemon [_thread_blocked, id=5148, stack(0x0000000061ca0000,0x0000000061da0000)]
  0x000000005f81c800 JavaThread "png-cruncher_2" daemon [_thread_blocked, id=4592, stack(0x00000000608d0000,0x00000000609d0000)]
  0x000000005b927800 JavaThread "png-cruncher_1" daemon [_thread_blocked, id=4040, stack(0x0000000061b30000,0x0000000061c30000)]
  0x000000005b922000 JavaThread "pool-2-thread-1" [_thread_blocked, id=2484, stack(0x000000005a230000,0x000000005a330000)]
  0x00000000592b0000 JavaThread "File lock request listener" [_thread_in_native, id=2456, stack(0x000000005b390000,0x000000005b490000)]
  0x0000000058f44000 JavaThread "pool-1-thread-1" [_thread_blocked, id=2244, stack(0x000000005a330000,0x000000005a430000)]
  0x000000005905e000 JavaThread "Incoming local TCP Connector on port 54350" [_thread_in_native, id=2136, stack(0x0000000059f20000,0x000000005a020000)]
  0x0000000006f59000 JavaThread "Service Thread" daemon [_thread_blocked, id=5656, stack(0x0000000057cc0000,0x0000000057dc0000)]
  0x0000000006f54000 JavaThread "C1 CompilerThread1" daemon [_thread_blocked, id=2344, stack(0x0000000057b30000,0x0000000057c30000)]
  0x0000000006f51000 JavaThread "C2 CompilerThread0" daemon [_thread_blocked, id=3932, stack(0x0000000057980000,0x0000000057a80000)]
  0x0000000006f50000 JavaThread "Attach Listener" daemon [_thread_blocked, id=4460, stack(0x0000000057430000,0x0000000057530000)]
  0x0000000006f60000 JavaThread "Signal Dispatcher" daemon [_thread_blocked, id=6028, stack(0x0000000057790000,0x0000000057890000)]
  0x0000000006f3c000 JavaThread "Finalizer" daemon [_thread_blocked, id=5364, stack(0x0000000057590000,0x0000000057690000)]
  0x0000000006ef2800 JavaThread "Reference Handler" daemon [_thread_blocked, id=5296, stack(0x0000000057330000,0x0000000057430000)]
  0x00000000004ed800 JavaThread "main" [_thread_blocked, id=5880, stack(0x00000000024a0000,0x00000000025a0000)]

Other Threads:
  0x0000000006eea800 VMThread [stack: 0x00000000570b0000,0x00000000571b0000] [id=4576]
  0x0000000006f5a800 WatcherThread [stack: 0x0000000057e90000,0x0000000057f90000] [id=5240]

=>0x0000000002073000 (exited) GCTaskThread [stack: 0x0000000002170000,0x0000000002270000] [id=4152]

VM state:at safepoint (normal execution)

VM Mutex/Monitor currently owned by a thread:  ([mutex/lock_event])
[0x00000000004ebe00] Threads_lock - owner thread: 0x0000000006eea800
[0x00000000004ec300] Heap_lock - owner thread: 0x000000005d21f000

Heap:
 PSYoungGen      total 445440K, used 9518K [0x00000000e0000000, 0x0000000100000000, 0x0000000100000000)
  eden space 366592K, 0% used [0x00000000e0000000,0x00000000e0000000,0x00000000f6600000)
  from space 78848K, 12% used [0x00000000f6600000,0x00000000f6f4baf8,0x00000000fb300000)
  to   space 78336K, 0% used [0x00000000fb380000,0x00000000fb380000,0x0000000100000000)
 ParOldGen       total 210432K, used 179949K [0x00000000a0000000, 0x00000000acd80000, 0x00000000e0000000)
  object space 210432K, 85% used [0x00000000a0000000,0x00000000aafbb4a0,0x00000000acd80000)
 Metaspace       used 72304K, capacity 75304K, committed 75568K, reserved 1116160K
  class space    used 9145K, capacity 9763K, committed 9776K, reserved 1048576K

Card table byte_map: [0x0000000002c30000,0x0000000002f40000] byte_map_base: 0x0000000002730000

Marking Bits: (ParMarkBitMap*) 0x0000000007de9d00
 Begin Bits: [0x00000000032c0000, 0x0000000004ac0000)
 End Bits:   [0x0000000004ac0000, 0x00000000062c0000)

Polling page: 0x00000000001e0000

CodeCache: size=245760Kb used=49437Kb max_used=49992Kb free=196322Kb
 bounds [0x0000000007e70000, 0x000000000afc0000, 0x0000000016e70000]
 total_blobs=14930 nmethods=14180 adapters=662
 compilation: enabled

Compilation events (10 events):
Event: 257.866 Thread 0x0000000006f54000 18083       3       com.android.dx.dex.file.ValueEncoder::writeArray (177 bytes)
Event: 257.867 Thread 0x0000000006f54000 nmethod 18083 0x000000000ab54010 code [0x000000000ab543e0, 0x000000000ab563b8]
Event: 257.869 Thread 0x0000000006f54000 18084 %     3       com.android.dex.EncodedValueCodec::writeSignedIntegralValue @ 37 (63 bytes)
Event: 257.869 Thread 0x0000000006f54000 nmethod 18084% 0x000000000ab1edd0 code [0x000000000ab1ef60, 0x000000000ab1f3c8]
Event: 257.870 Thread 0x0000000006f54000 18085       3       com.android.dex.EncodedValueCodec::writeSignedIntegralValue (63 bytes)
Event: 257.870 Thread 0x0000000006f54000 nmethod 18085 0x00000000080d6b90 code [0x00000000080d6d20, 0x00000000080d7128]
Event: 257.931 Thread 0x0000000006f54000 18087 %     3       com.android.dx.dex.file.ValueEncoder::addContents @ 30 (75 bytes)
Event: 257.932 Thread 0x0000000006f54000 nmethod 18087% 0x000000000a6f0cd0 code [0x000000000a6f0f80, 0x000000000a6f2578]
Event: 257.933 Thread 0x0000000006f54000 18088       3       com.android.dx.dex.file.ValueEncoder::addContents (75 bytes)
Event: 257.934 Thread 0x0000000006f54000 nmethod 18088 0x0000000009f67710 code [0x0000000009f679c0, 0x0000000009f68fd8]

GC Heap History (10 events):
Event: 252.689 GC heap after
Heap after GC invocations=22 (full 5):
 PSYoungGen      total 472064K, used 41486K [0x00000000e0000000, 0x0000000100000000, 0x0000000100000000)
  eden space 430080K, 0% used [0x00000000e0000000,0x00000000e0000000,0x00000000fa400000)
  from space 41984K, 98% used [0x00000000fa400000,0x00000000fcc83a18,0x00000000fcd00000)
  to   space 52224K, 0% used [0x00000000fcd00000,0x00000000fcd00000,0x0000000100000000)
 ParOldGen       total 210432K, used 104474K [0x00000000a0000000, 0x00000000acd80000, 0x00000000e0000000)
  object space 210432K, 49% used [0x00000000a0000000,0x00000000a6606ae0,0x00000000acd80000)
 Metaspace       used 72214K, capacity 75240K, committed 75312K, reserved 1114112K
  class space    used 9141K, capacity 9763K, committed 9776K, reserved 1048576K
}
Event: 254.108 GC heap before
{Heap before GC invocations=23 (full 5):
 PSYoungGen      total 472064K, used 471566K [0x00000000e0000000, 0x0000000100000000, 0x0000000100000000)
  eden space 430080K, 100% used [0x00000000e0000000,0x00000000fa400000,0x00000000fa400000)
  from space 41984K, 98% used [0x00000000fa400000,0x00000000fcc83a18,0x00000000fcd00000)
  to   space 52224K, 0% used [0x00000000fcd00000,0x00000000fcd00000,0x0000000100000000)
 ParOldGen       total 210432K, used 104474K [0x00000000a0000000, 0x00000000acd80000, 0x00000000e0000000)
  object space 210432K, 49% used [0x00000000a0000000,0x00000000a6606ae0,0x00000000acd80000)
 Metaspace       used 72239K, capacity 75240K, committed 75312K, reserved 1114112K
  class space    used 9141K, capacity 9763K, committed 9776K, reserved 1048576K
Event: 254.211 GC heap after
Heap after GC invocations=23 (full 5):
 PSYoungGen      total 444416K, used 52206K [0x00000000e0000000, 0x0000000100000000, 0x0000000100000000)
  eden space 392192K, 0% used [0x00000000e0000000,0x00000000e0000000,0x00000000f7f00000)
  from space 52224K, 99% used [0x00000000fcd00000,0x00000000ffffbbd0,0x0000000100000000)
  to   space 66048K, 0% used [0x00000000f7f00000,0x00000000f7f00000,0x00000000fbf80000)
 ParOldGen       total 210432K, used 119627K [0x00000000a0000000, 0x00000000acd80000, 0x00000000e0000000)
  object space 210432K, 56% used [0x00000000a0000000,0x00000000a74d2c00,0x00000000acd80000)
 Metaspace       used 72239K, capacity 75240K, committed 75312K, reserved 1114112K
  class space    used 9141K, capacity 9763K, committed 9776K, reserved 1048576K
}
Event: 255.382 GC heap before
{Heap before GC invocations=24 (full 5):
 PSYoungGen      total 444416K, used 444398K [0x00000000e0000000, 0x0000000100000000, 0x0000000100000000)
  eden space 392192K, 100% used [0x00000000e0000000,0x00000000f7f00000,0x00000000f7f00000)
  from space 52224K, 99% used [0x00000000fcd00000,0x00000000ffffbbd0,0x0000000100000000)
  to   space 66048K, 0% used [0x00000000f7f00000,0x00000000f7f00000,0x00000000fbf80000)
 ParOldGen       total 210432K, used 119627K [0x00000000a0000000, 0x00000000acd80000, 0x00000000e0000000)
  object space 210432K, 56% used [0x00000000a0000000,0x00000000a74d2c00,0x00000000acd80000)
 Metaspace       used 72261K, capacity 75304K, committed 75568K, reserved 1116160K
  class space    used 9142K, capacity 9763K, committed 9776K, reserved 1048576K
Event: 255.466 GC heap after
Heap after GC invocations=24 (full 5):
 PSYoungGen      total 456704K, used 64299K [0x00000000e0000000, 0x0000000100000000, 0x0000000100000000)
  eden space 392192K, 0% used [0x00000000e0000000,0x00000000e0000000,0x00000000f7f00000)
  from space 64512K, 99% used [0x00000000f7f00000,0x00000000fbdcad68,0x00000000fbe00000)
  to   space 67584K, 0% used [0x00000000fbe00000,0x00000000fbe00000,0x0000000100000000)
 ParOldGen       total 210432K, used 122397K [0x00000000a0000000, 0x00000000acd80000, 0x00000000e0000000)
  object space 210432K, 58% used [0x00000000a0000000,0x00000000a7787520,0x00000000acd80000)
 Metaspace       used 72261K, capacity 75304K, committed 75568K, reserved 1116160K
  class space    used 9142K, capacity 9763K, committed 9776K, reserved 1048576K
}
Event: 256.699 GC heap before
{Heap before GC invocations=25 (full 5):
 PSYoungGen      total 456704K, used 456491K [0x00000000e0000000, 0x0000000100000000, 0x0000000100000000)
  eden space 392192K, 100% used [0x00000000e0000000,0x00000000f7f00000,0x00000000f7f00000)
  from space 64512K, 99% used [0x00000000f7f00000,0x00000000fbdcad68,0x00000000fbe00000)
  to   space 67584K, 0% used [0x00000000fbe00000,0x00000000fbe00000,0x0000000100000000)
 ParOldGen       total 210432K, used 122397K [0x00000000a0000000, 0x00000000acd80000, 0x00000000e0000000)
  object space 210432K, 58% used [0x00000000a0000000,0x00000000a7787520,0x00000000acd80000)
 Metaspace       used 72294K, capacity 75304K, committed 75568K, reserved 1116160K
  class space    used 9145K, capacity 9763K, committed 9776K, reserved 1048576K
Event: 256.812 GC heap after
Heap after GC invocations=25 (full 5):
 PSYoungGen      total 434176K, used 51188K [0x00000000e0000000, 0x0000000100000000, 0x0000000100000000)
  eden space 366592K, 0% used [0x00000000e0000000,0x00000000e0000000,0x00000000f6600000)
  from space 67584K, 75% used [0x00000000fbe00000,0x00000000feffd3e8,0x0000000100000000)
  to   space 78848K, 0% used [0x00000000f6600000,0x00000000f6600000,0x00000000fb300000)
 ParOldGen       total 210432K, used 161247K [0x00000000a0000000, 0x00000000acd80000, 0x00000000e0000000)
  object space 210432K, 76% used [0x00000000a0000000,0x00000000a9d77f70,0x00000000acd80000)
 Metaspace       used 72294K, capacity 75304K, committed 75568K, reserved 1116160K
  class space    used 9145K, capacity 9763K, committed 9776K, reserved 1048576K
}
Event: 257.953 GC heap before
{Heap before GC invocations=26 (full 5):
 PSYoungGen      total 434176K, used 417780K [0x00000000e0000000, 0x0000000100000000, 0x0000000100000000)
  eden space 366592K, 100% used [0x00000000e0000000,0x00000000f6600000,0x00000000f6600000)
  from space 67584K, 75% used [0x00000000fbe00000,0x00000000feffd3e8,0x0000000100000000)
  to   space 78848K, 0% used [0x00000000f6600000,0x00000000f6600000,0x00000000fb300000)
 ParOldGen       total 210432K, used 161247K [0x00000000a0000000, 0x00000000acd80000, 0x00000000e0000000)
  object space 210432K, 76% used [0x00000000a0000000,0x00000000a9d77f70,0x00000000acd80000)
 Metaspace       used 72304K, capacity 75304K, committed 75568K, reserved 1116160K
  class space    used 9145K, capacity 9763K, committed 9776K, reserved 1048576K
Event: 258.002 GC heap after
Heap after GC invocations=26 (full 5):
 PSYoungGen      total 445440K, used 9518K [0x00000000e0000000, 0x0000000100000000, 0x0000000100000000)
  eden space 366592K, 0% used [0x00000000e0000000,0x00000000e0000000,0x00000000f6600000)
  from space 78848K, 12% used [0x00000000f6600000,0x00000000f6f4baf8,0x00000000fb300000)
  to   space 78336K, 0% used [0x00000000fb380000,0x00000000fb380000,0x0000000100000000)
 ParOldGen       total 210432K, used 179949K [0x00000000a0000000, 0x00000000acd80000, 0x00000000e0000000)
  object space 210432K, 85% used [0x00000000a0000000,0x00000000aafbb4a0,0x00000000acd80000)
 Metaspace       used 72304K, capacity 75304K, committed 75568K, reserved 1116160K
  class space    used 9145K, capacity 9763K, committed 9776K, reserved 1048576K
}
Event: 258.002 GC heap before
{Heap before GC invocations=27 (full 6):
 PSYoungGen      total 445440K, used 9518K [0x00000000e0000000, 0x0000000100000000, 0x0000000100000000)
  eden space 366592K, 0% used [0x00000000e0000000,0x00000000e0000000,0x00000000f6600000)
  from space 78848K, 12% used [0x00000000f6600000,0x00000000f6f4baf8,0x00000000fb300000)
  to   space 78336K, 0% used [0x00000000fb380000,0x00000000fb380000,0x0000000100000000)
 ParOldGen       total 210432K, used 179949K [0x00000000a0000000, 0x00000000acd80000, 0x00000000e0000000)
  object space 210432K, 85% used [0x00000000a0000000,0x00000000aafbb4a0,0x00000000acd80000)
 Metaspace       used 72304K, capacity 75304K, committed 75568K, reserved 1116160K
  class space    used 9145K, capacity 9763K, committed 9776K, reserved 1048576K

Deoptimization events (10 events):
Event: 256.377 Thread 0x000000005bc80000 Uncommon trap: reason=class_check action=maybe_recompile pc=0x0000000008caaffc method=com.android.dx.ssa.SsaConverter.placePhiFunctions(Lcom/android/dx/ssa/SsaMethod;Lcom/android/dx/ssa/LocalVariableInfo;I)V @ 257
Event: 256.377 Thread 0x000000005bc80000 Uncommon trap: reason=class_check action=maybe_recompile pc=0x0000000008caaffc method=com.android.dx.ssa.SsaConverter.placePhiFunctions(Lcom/android/dx/ssa/SsaMethod;Lcom/android/dx/ssa/LocalVariableInfo;I)V @ 257
Event: 256.478 Thread 0x000000005f2fb000 Uncommon trap: reason=class_check action=maybe_recompile pc=0x000000000ac73d2c method=com.android.dx.ssa.DomFront.calcDomFronts()V @ 101
Event: 256.480 Thread 0x000000005f2fb000 Uncommon trap: reason=class_check action=maybe_recompile pc=0x0000000008626140 method=com.android.dx.ssa.SsaConverter.placePhiFunctions(Lcom/android/dx/ssa/SsaMethod;Lcom/android/dx/ssa/LocalVariableInfo;I)V @ 257
Event: 256.604 Thread 0x000000005f2fb000 Uncommon trap: reason=class_check action=maybe_recompile pc=0x000000000ac73d2c method=com.android.dx.ssa.DomFront.calcDomFronts()V @ 101
Event: 256.606 Thread 0x000000005f2fb000 Uncommon trap: reason=class_check action=maybe_recompile pc=0x000000000a816fec method=com.android.dx.ssa.SsaConverter.placePhiFunctions(Lcom/android/dx/ssa/SsaMethod;Lcom/android/dx/ssa/LocalVariableInfo;I)V @ 257
Event: 256.817 Thread 0x000000005f2fb000 Uncommon trap: reason=class_check action=maybe_recompile pc=0x000000000ac73d2c method=com.android.dx.ssa.DomFront.calcDomFronts()V @ 101
Event: 257.308 Thread 0x000000005bc7f800 Uncommon trap: reason=unstable_if action=reinterpret pc=0x000000000aaeede8 method=com.android.dx.ssa.PhiTypeResolver.equalsHandlesNulls(Lcom/android/dx/rop/code/LocalItem;Lcom/android/dx/rop/code/LocalItem;)Z @ 14
Event: 257.500 Thread 0x000000005bc7f800 Uncommon trap: reason=unstable_if action=reinterpret pc=0x000000000aa492ec method=com.android.dx.rop.code.RegisterSpec.equals(ILcom/android/dx/rop/type/TypeBearer;Lcom/android/dx/rop/code/LocalItem;)Z @ 42
Event: 257.683 Thread 0x000000005bc7d800 Uncommon trap: reason=unstable_if action=reinterpret pc=0x000000000a3e0958 method=com.android.dx.dex.code.OutputFinisher.align64bits([Lcom/android/dx/dex/code/Dop;)V @ 237

Internal exceptions (10 events):
Event: 242.487 Thread 0x000000005b926000 Exception <a 'java/io/FileNotFoundException'> (0x00000000e0a79880) thrown at [C:\src\android\AOSP-openjdk\external\jetbrains\jdk\hotspot\src\share\vm\prims\jni.cpp, line 709]
Event: 243.009 Thread 0x000000005b926000 Implicit null exception at 0x0000000009f5ce15 to 0x0000000009f6051e
Event: 243.009 Thread 0x000000005b926000 Implicit null exception at 0x0000000009f970b6 to 0x0000000009f97465
Event: 243.009 Thread 0x000000005b926000 Implicit null exception at 0x0000000009f392c5 to 0x0000000009f396bd
Event: 243.009 Thread 0x000000005b926000 Implicit null exception at 0x0000000009faee7e to 0x0000000009faf685
Event: 245.980 Thread 0x000000005b926000 Exception <a 'java/lang/NoSuchMethodError': <clinit>> (0x00000000e3b79c08) thrown at [C:\src\android\AOSP-openjdk\external\jetbrains\jdk\hotspot\src\share\vm\prims\jni.cpp, line 1591]
Event: 247.912 Thread 0x000000005f2fa000 Implicit null exception at 0x0000000009e56812 to 0x0000000009e56911
Event: 248.172 Thread 0x000000005bc80000 Implicit null exception at 0x0000000009e52655 to 0x0000000009e53049
Event: 253.690 Thread 0x000000005bc7e800 Implicit null exception at 0x000000000ac6abc7 to 0x000000000ac6bcc1
Event: 255.998 Thread 0x000000005bc7f800 Implicit null exception at 0x000000000acca4c6 to 0x000000000accc7dd

Events (10 events):
Event: 257.934 Thread 0x0000000006f54000 flushing nmethod 0x000000000ac87e90
Event: 257.934 Thread 0x0000000006f54000 flushing nmethod 0x000000000ae44550
Event: 257.935 Thread 0x000000005d21f000 DEOPT PACKING pc=0x000000000abf0155 sp=0x000000006712ebb0
Event: 257.935 Thread 0x000000005d21f000 DEOPT UNPACKING pc=0x0000000007eb71bf sp=0x000000006712e970 mode 0
Event: 257.940 Thread 0x000000005d21e800 Thread exited: 0x000000005d21e800
Event: 257.942 Executing VM operation: RevokeBias
Event: 257.942 Executing VM operation: RevokeBias done
Event: 257.942 Thread 0x000000005f2f9800 Thread exited: 0x000000005f2f9800
Event: 257.942 Thread 0x000000005f2f9800 Thread added: 0x000000005f2f9800
Event: 257.949 Executing VM operation: ParallelGCFailedAllocation


Dynamic libraries:
0x000000013f430000 - 0x000000013f461000 	C:\Program Files\Android\Android Studio\jre\bin\java.exe
0x0000000077000000 - 0x00000000771ab000 	C:\Windows\SYSTEM32\ntdll.dll
0x000007feea080000 - 0x000007feea0b3000 	C:\Program Files (x86)\AVG\Antivirus\x64\aswhooka.dll
0x0000000076ee0000 - 0x0000000076fff000 	C:\Windows\system32\kernel32.dll
0x000007fefd260000 - 0x000007fefd2cb000 	C:\Windows\system32\KERNELBASE.dll
0x000007fefeb80000 - 0x000007fefec5b000 	C:\Windows\system32\ADVAPI32.dll
0x000007fefeae0000 - 0x000007fefeb7f000 	C:\Windows\system32\msvcrt.dll
0x000007fefd810000 - 0x000007fefd82f000 	C:\Windows\SYSTEM32\sechost.dll
0x000007fefe640000 - 0x000007fefe76e000 	C:\Windows\system32\RPCRT4.dll
0x0000000076de0000 - 0x0000000076eda000 	C:\Windows\system32\USER32.dll
0x000007fefd5f0000 - 0x000007fefd657000 	C:\Windows\system32\GDI32.dll
0x000007fefd5e0000 - 0x000007fefd5ee000 	C:\Windows\system32\LPK.dll
0x000007fefd510000 - 0x000007fefd5da000 	C:\Windows\system32\USP10.dll
0x000007fefba10000 - 0x000007fefbc04000 	C:\Windows\WinSxS\amd64_microsoft.windows.common-controls_6595b64144ccf1df_6.0.7600.16385_none_fa645303170382f6\COMCTL32.dll
0x000007fefd6b0000 - 0x000007fefd721000 	C:\Windows\system32\SHLWAPI.dll
0x000007fefeff0000 - 0x000007feff01e000 	C:\Windows\system32\IMM32.DLL
0x000007fefe9d0000 - 0x000007fefead9000 	C:\Windows\system32\MSCTF.dll
0x000000006b820000 - 0x000000006b8f2000 	C:\Program Files\Android\Android Studio\jre\jre\bin\msvcr100.dll
0x0000000007630000 - 0x0000000007e64000 	C:\Program Files\Android\Android Studio\jre\jre\bin\server\jvm.dll
0x000007fef5dd0000 - 0x000007fef5dd9000 	C:\Windows\system32\WSOCK32.dll
0x000007fefd660000 - 0x000007fefd6ad000 	C:\Windows\system32\WS2_32.dll
0x000007feff0e0000 - 0x000007feff0e8000 	C:\Windows\system32\NSI.dll
0x000007fef5d40000 - 0x000007fef5d7b000 	C:\Windows\system32\WINMM.dll
0x000007fefbef0000 - 0x000007fefbefc000 	C:\Windows\system32\VERSION.dll
0x00000000771d0000 - 0x00000000771d7000 	C:\Windows\system32\PSAPI.DLL
0x000007fef7240000 - 0x000007fef724f000 	C:\Program Files\Android\Android Studio\jre\jre\bin\verify.dll
0x000007fef4120000 - 0x000007fef4149000 	C:\Program Files\Android\Android Studio\jre\jre\bin\java.dll
0x000007fef41a0000 - 0x000007fef41b6000 	C:\Program Files\Android\Android Studio\jre\jre\bin\zip.dll
0x000007fefd830000 - 0x000007fefe5b6000 	C:\Windows\system32\SHELL32.dll
0x000007fefec60000 - 0x000007fefee61000 	C:\Windows\system32\ole32.dll
0x000007fefcf60000 - 0x000007fefcf6f000 	C:\Windows\system32\profapi.dll
0x000007fef1890000 - 0x000007fef18aa000 	C:\Program Files\Android\Android Studio\jre\jre\bin\net.dll
0x000007fefc790000 - 0x000007fefc7e4000 	C:\Windows\system32\mswsock.dll
0x000007fefc780000 - 0x000007fefc787000 	C:\Windows\System32\wship6.dll
0x000007fef1870000 - 0x000007fef1881000 	C:\Program Files\Android\Android Studio\jre\jre\bin\nio.dll
0x000007fef7290000 - 0x000007fef72a2000 	C:\Users\user\.gradle\native\19\windows-amd64\native-platform.dll
0x000007fefc7f0000 - 0x000007fefc807000 	C:\Windows\system32\CRYPTSP.dll
0x000007fefc4f0000 - 0x000007fefc537000 	C:\Windows\system32\rsaenh.dll
0x000007fefc2b0000 - 0x000007fefc2ce000 	C:\Windows\system32\USERENV.dll
0x000007fefce50000 - 0x000007fefce5f000 	C:\Windows\system32\CRYPTBASE.dll
0x000007fefaa40000 - 0x000007fefaa67000 	C:\Windows\system32\IPHLPAPI.DLL
0x000007fefaaa0000 - 0x000007fefaaab000 	C:\Windows\system32\WINNSI.DLL
0x000007fefa630000 - 0x000007fefa641000 	C:\Windows\system32\dhcpcsvc6.DLL
0x000007fefa610000 - 0x000007fefa628000 	C:\Windows\system32\dhcpcsvc.DLL
0x000007fef4170000 - 0x000007fef417d000 	C:\Program Files\Android\Android Studio\jre\jre\bin\management.dll
0x000007fefcdf0000 - 0x000007fefce47000 	C:\Windows\system32\apphelp.dll
0x000007feecd30000 - 0x000007feece55000 	C:\Windows\system32\dbghelp.dll

VM Arguments:
jvm_args: -Xmx1536m -Dfile.encoding=windows-1252 -Duser.country=IN -Duser.language=en -Duser.variant 
java_command: org.gradle.launcher.daemon.bootstrap.GradleDaemon 2.14.1
java_class_path (initial): C:\Program Files\Android\Android Studio\gradle\gradle-2.14.1\lib\gradle-launcher-2.14.1.jar
Launcher Type: SUN_STANDARD

Environment Variables:
JAVA_HOME=C:\Program Files\Java\jdk1.8.0_112
PATH=C:\ProgramData\Oracle\Java\javapath;C:\Program Files\Java\jdk1.8.0_112\bin;C:\Windows\system32;C:\Windows;C:\Windows\System32\Wbem;C:\Windows\System32\WindowsPowerShell\v1.0\;;C:\Program Files (x86)\Universal Extractor;C:\Program Files (x86)\Universal Extractor\bin;C:\Program Files (x86)\Skype\Phone\;C:\Program Files\Git\cmd;C:\Android;C:\Windows\System32
USERNAME=user
OS=Windows_NT
PROCESSOR_IDENTIFIER=Intel64 Family 6 Model 60 Stepping 3, GenuineIntel



---------------  S Y S T E M  ---------------

OS: Windows 7 , 64 bit Build 7600 (6.1.7600.16385)

CPU:total 2 (2 cores per cpu, 1 threads per core) family 6 model 60 stepping 3, cmov, cx8, fxsr, mmx, sse, sse2, sse3, ssse3, sse4.1, sse4.2, popcnt, clmul, erms, lzcnt, tsc, tscinvbit

Memory: 4k page, physical 8286032k(2291124k free), swap 16570164k(10351416k free)

vm_info: OpenJDK 64-Bit Server VM (25.76-b03) for windows-amd64 JRE (1.8.0_76-release-b03), built on Jun 29 2016 19:09:20 by "ralucas" with MS VC++ 10.0 (VS2010)

time: Fri Mar 03 14:16:23 2017
elapsed time: 258 seconds (0d 0h 4m 18s)

